app/build/outputs/logs/manifest-merger-debug-report.txt
-- Merging decision tree log ---
manifest
ADDED from src\main\AndroidManifest.xml:2:1-177:12
INJECTED from src\main\AndroidManifest.xml:2:1-177:12
INJECTED from src\main\AndroidManifest.xml:2:1-177:12
INJECTED from src\main\AndroidManifest.xml:2:1-177:12
MERGED from [com.android.support:appcompat-v7:28.0.0] AndroidManifest.xml:17:1-22:12
MERGED from [com.android.support:support-v4:28.0.0] AndroidManifest.xml:17:1-22:12
MERGED from [com.android.support:support-fragment:28.0.0] AndroidManifest.xml:17:1-22:12
MERGED from [com.android.support:animated-vector-drawable:28.0.0] AndroidManifest.xml:17:1-22:12
MERGED from [com.android.support:support-core-ui:28.0.0] AndroidManifest.xml:17:1-22:12
MERGED from [com.android.support:support-core-utils:28.0.0] AndroidManifest.xml:17:1-22:12
MERGED from [com.android.support:support-vector-drawable:28.0.0] AndroidManifest.xml:17:1-22:12
MERGED from [com.android.support:support-media-compat:28.0.0] AndroidManifest.xml:17:1-22:12
MERGED from [com.android.support:loader:28.0.0] AndroidManifest.xml:17:1-22:12
MERGED from [com.android.support:viewpager:28.0.0] AndroidManifest.xml:17:1-22:12
MERGED from [com.android.support:coordinatorlayout:28.0.0] AndroidManifest.xml:17:1-22:12
MERGED from [com.android.support:drawerlayout:28.0.0] AndroidManifest.xml:17:1-22:12
MERGED from [com.android.support:slidingpanelayout:28.0.0] AndroidManifest.xml:17:1-22:12
MERGED from [com.android.support:customview:28.0.0] AndroidManifest.xml:17:1-22:12
MERGED from [com.android.support:swiperefreshlayout:28.0.0] AndroidManifest.xml:17:1-22:12
MERGED from [com.android.support:asynclayoutinflater:28.0.0] AndroidManifest.xml:17:1-22:12
MERGED from [com.android.support:support-compat:28.0.0] AndroidManifest.xml:17:1-24:12
MERGED from [com.android.support:versionedparcelable:28.0.0] AndroidManifest.xml:17:1-25:12
MERGED from [com.android.support:cursoradapter:28.0.0] AndroidManifest.xml:17:1-22:12
MERGED from [android.arch.lifecycle:runtime:1.1.1] AndroidManifest.xml:17:1-22:12
MERGED from [com.android.support:documentfile:28.0.0] AndroidManifest.xml:17:1-22:12
MERGED from [com.android.support:localbroadcastmanager:28.0.0] AndroidManifest.xml:17:1-22:12
MERGED from [com.android.support:print:28.0.0] AndroidManifest.xml:17:1-22:12
MERGED from [android.arch.lifecycle:viewmodel:1.1.1] AndroidManifest.xml:17:1-22:12
MERGED from [com.android.support:interpolator:28.0.0] AndroidManifest.xml:17:1-22:12
MERGED from [android.arch.lifecycle:livedata:1.1.1] AndroidManifest.xml:17:1-22:12
MERGED from [android.arch.lifecycle:livedata-core:1.1.1] AndroidManifest.xml:17:1-22:12
MERGED from [android.arch.core:runtime:1.1.1] AndroidManifest.xml:17:1-22:12
INJECTED from src\main\AndroidManifest.xml:2:1-177:12
INJECTED from src\main\AndroidManifest.xml:2:1-177:12
INJECTED from src\main\AndroidManifest.xml:2:1-177:12
	package
		ADDED from src\main\AndroidManifest.xml:4:5-43
		INJECTED from src\main\AndroidManifest.xml
		INJECTED from src\main\AndroidManifest.xml
	android:versionName
		ADDED from src\main\AndroidManifest.xml:6:5-30
		INJECTED from src\main\AndroidManifest.xml
		INJECTED from src\main\AndroidManifest.xml
	xmlns:tools
		ADDED from src\main\AndroidManifest.xml:3:5-51
	xmlns:android
		ADDED from src\main\AndroidManifest.xml:2:11-69
	android:versionCode
		ADDED from src\main\AndroidManifest.xml:5:5-28
		INJECTED from src\main\AndroidManifest.xml
		INJECTED from src\main\AndroidManifest.xml
uses-sdk
ADDED from src\main\AndroidManifest.xml:8:5-10:41
INJECTED from src\main\AndroidManifest.xml:8:5-10:41
INJECTED from src\main\AndroidManifest.xml:8:5-10:41
MERGED from [com.android.support:appcompat-v7:28.0.0] AndroidManifest.xml:20:5-44
MERGED from [com.android.support:appcompat-v7:28.0.0] AndroidManifest.xml:20:5-44
MERGED from [com.android.support:support-v4:28.0.0] AndroidManifest.xml:20:5-44
MERGED from [com.android.support:support-v4:28.0.0] AndroidManifest.xml:20:5-44
MERGED from [com.android.support:support-fragment:28.0.0] AndroidManifest.xml:20:5-44
MERGED from [com.android.support:support-fragment:28.0.0] AndroidManifest.xml:20:5-44
MERGED from [com.android.support:animated-vector-drawable:28.0.0] AndroidManifest.xml:20:5-44
MERGED from [com.android.support:animated-vector-drawable:28.0.0] AndroidManifest.xml:20:5-44
MERGED from [com.android.support:support-core-ui:28.0.0] AndroidManifest.xml:20:5-44
MERGED from [com.android.support:support-core-ui:28.0.0] AndroidManifest.xml:20:5-44
MERGED from [com.android.support:support-core-utils:28.0.0] AndroidManifest.xml:20:5-44
MERGED from [com.android.support:support-core-utils:28.0.0] AndroidManifest.xml:20:5-44
MERGED from [com.android.support:support-vector-drawable:28.0.0] AndroidManifest.xml:20:5-44
MERGED from [com.android.support:support-vector-drawable:28.0.0] AndroidManifest.xml:20:5-44
MERGED from [com.android.support:support-media-compat:28.0.0] AndroidManifest.xml:20:5-44
MERGED from [com.android.support:support-media-compat:28.0.0] AndroidManifest.xml:20:5-44
MERGED from [com.android.support:loader:28.0.0] AndroidManifest.xml:20:5-44
MERGED from [com.android.support:loader:28.0.0] AndroidManifest.xml:20:5-44
MERGED from [com.android.support:viewpager:28.0.0] AndroidManifest.xml:20:5-44
MERGED from [com.android.support:viewpager:28.0.0] AndroidManifest.xml:20:5-44
MERGED from [com.android.support:coordinatorlayout:28.0.0] AndroidManifest.xml:20:5-44
MERGED from [com.android.support:coordinatorlayout:28.0.0] AndroidManifest.xml:20:5-44
MERGED from [com.android.support:drawerlayout:28.0.0] AndroidManifest.xml:20:5-44
MERGED from [com.android.support:drawerlayout:28.0.0] AndroidManifest.xml:20:5-44
MERGED from [com.android.support:slidingpanelayout:28.0.0] AndroidManifest.xml:20:5-44
MERGED from [com.android.support:slidingpanelayout:28.0.0] AndroidManifest.xml:20:5-44
MERGED from [com.android.support:customview:28.0.0] AndroidManifest.xml:20:5-44
MERGED from [com.android.support:customview:28.0.0] AndroidManifest.xml:20:5-44
MERGED from [com.android.support:swiperefreshlayout:28.0.0] AndroidManifest.xml:20:5-44
MERGED from [com.android.support:swiperefreshlayout:28.0.0] AndroidManifest.xml:20:5-44
MERGED from [com.android.support:asynclayoutinflater:28.0.0] AndroidManifest.xml:20:5-44
MERGED from [com.android.support:asynclayoutinflater:28.0.0] AndroidManifest.xml:20:5-44
MERGED from [com.android.support:support-compat:28.0.0] AndroidManifest.xml:20:5-44
MERGED from [com.android.support:support-compat:28.0.0] AndroidManifest.xml:20:5-44
MERGED from [com.android.support:versionedparcelable:28.0.0] AndroidManifest.xml:20:5-44
MERGED from [com.android.support:versionedparcelable:28.0.0] AndroidManifest.xml:20:5-44
MERGED from [com.android.support:cursoradapter:28.0.0] AndroidManifest.xml:20:5-44
MERGED from [com.android.support:cursoradapter:28.0.0] AndroidManifest.xml:20:5-44
MERGED from [android.arch.lifecycle:runtime:1.1.1] AndroidManifest.xml:20:5-44
MERGED from [android.arch.lifecycle:runtime:1.1.1] AndroidManifest.xml:20:5-44
MERGED from [com.android.support:documentfile:28.0.0] AndroidManifest.xml:20:5-44
MERGED from [com.android.support:documentfile:28.0.0] AndroidManifest.xml:20:5-44
MERGED from [com.android.support:localbroadcastmanager:28.0.0] AndroidManifest.xml:20:5-44
MERGED from [com.android.support:localbroadcastmanager:28.0.0] AndroidManifest.xml:20:5-44
MERGED from [com.android.support:print:28.0.0] AndroidManifest.xml:20:5-44
MERGED from [com.android.support:print:28.0.0] AndroidManifest.xml:20:5-44
MERGED from [android.arch.lifecycle:viewmodel:1.1.1] AndroidManifest.xml:20:5-44
MERGED from [android.arch.lifecycle:viewmodel:1.1.1] AndroidManifest.xml:20:5-44
MERGED from [com.android.support:interpolator:28.0.0] AndroidManifest.xml:20:5-44
MERGED from [com.android.support:interpolator:28.0.0] AndroidManifest.xml:20:5-44
MERGED from [android.arch.lifecycle:livedata:1.1.1] AndroidManifest.xml:20:5-44
MERGED from [android.arch.lifecycle:livedata:1.1.1] AndroidManifest.xml:20:5-44
MERGED from [android.arch.lifecycle:livedata-core:1.1.1] AndroidManifest.xml:20:5-44
MERGED from [android.arch.lifecycle:livedata-core:1.1.1] AndroidManifest.xml:20:5-44
MERGED from [android.arch.core:runtime:1.1.1] AndroidManifest.xml:20:5-44
MERGED from [android.arch.core:runtime:1.1.1] AndroidManifest.xml:20:5-44
INJECTED from src\main\AndroidManifest.xml:8:5-10:41
INJECTED from src\main\AndroidManifest.xml:8:5-10:41
	android:targetSdkVersion
		ADDED from src\main\AndroidManifest.xml:10:9-38
		INJECTED from src\main\AndroidManifest.xml
		INJECTED from src\main\AndroidManifest.xml
	android:minSdkVersion
		ADDED from src\main\AndroidManifest.xml:9:9-35
		INJECTED from src\main\AndroidManifest.xml
		INJECTED from src\main\AndroidManifest.xml
uses-permission#android.permission.INTERNET
ADDED from src\main\AndroidManifest.xml:12:4-13:23
	android:name
		ADDED from src\main\AndroidManifest.xml:12:21-63
uses-permission#android.permission.READ_PHONE_STATE
ADDED from src\main\AndroidManifest.xml:14:5-15:23
	android:name
		ADDED from src\main\AndroidManifest.xml:14:22-72
uses-permission#android.permission.CAMERA
ADDED from src\main\AndroidManifest.xml:16:5-65
	android:name
		ADDED from src\main\AndroidManifest.xml:16:22-62
uses-permission#android.permission.ACCESS_NETWORK_STATE
ADDED from src\main\AndroidManifest.xml:17:5-79
	android:name
		ADDED from src\main\AndroidManifest.xml:17:22-76
uses-permission#android.permission.WRITE_EXTERNAL_STORAGE
ADDED from src\main\AndroidManifest.xml:18:5-81
	android:name
		ADDED from src\main\AndroidManifest.xml:18:22-78
uses-permission#android.permission.READ_EXTERNAL_STORAGE
ADDED from src\main\AndroidManifest.xml:19:5-79
	android:name
		ADDED from src\main\AndroidManifest.xml:19:22-77
uses-permission#android.permission.READ_CONTACTS
ADDED from src\main\AndroidManifest.xml:20:5-72
	android:name
		ADDED from src\main\AndroidManifest.xml:20:22-69
uses-permission#android.permission.WRITE_SETTINGS
ADDED from src\main\AndroidManifest.xml:21:5-22:47
	tools:ignore
		ADDED from src\main\AndroidManifest.xml:22:9-44
	android:name
		ADDED from src\main\AndroidManifest.xml:21:22-70
application
ADDED from src\main\AndroidManifest.xml:25:5-174:19
MERGED from [com.android.support:support-compat:28.0.0] AndroidManifest.xml:22:5-94
MERGED from [com.android.support:support-compat:28.0.0] AndroidManifest.xml:22:5-94
MERGED from [com.android.support:versionedparcelable:28.0.0] AndroidManifest.xml:22:5-23:19
MERGED from [com.android.support:versionedparcelable:28.0.0] AndroidManifest.xml:22:5-23:19
	android:appComponentFactory
		ADDED from [com.android.support:support-compat:28.0.0] AndroidManifest.xml:22:18-91
	android:label
		ADDED from src\main\AndroidManifest.xml:28:9-51
	android:icon
		ADDED from src\main\AndroidManifest.xml:27:9-45
	android:allowBackup
		ADDED from src\main\AndroidManifest.xml:26:9-35
	android:theme
		ADDED from src\main\AndroidManifest.xml:29:9-52
activity#com.mis.common.MainActivity
ADDED from src\main\AndroidManifest.xml:30:9-39:20
	android:screenOrientation
		ADDED from src\main\AndroidManifest.xml:32:13-55
	android:windowSoftInputMode
		ADDED from src\main\AndroidManifest.xml:33:13-64
	android:name
		ADDED from src\main\AndroidManifest.xml:31:13-55
intent-filter#action:name:android.intent.action.MAIN+category:name:android.intent.category.LAUNCHER
ADDED from src\main\AndroidManifest.xml:34:13-38:29
action#android.intent.action.MAIN
ADDED from src\main\AndroidManifest.xml:35:17-69
	android:name
		ADDED from src\main\AndroidManifest.xml:35:25-66
category#android.intent.category.LAUNCHER
ADDED from src\main\AndroidManifest.xml:37:17-77
	android:name
		ADDED from src\main\AndroidManifest.xml:37:27-74
activity#com.mis.controller.Mse_Customer
ADDED from src\main\AndroidManifest.xml:40:9-43:67
	android:screenOrientation
		ADDED from src\main\AndroidManifest.xml:42:13-55
	android:windowSoftInputMode
		ADDED from src\main\AndroidManifest.xml:43:13-64
	android:name
		ADDED from src\main\AndroidManifest.xml:41:13-59
activity#com.mis.controller.MseExport
ADDED from src\main\AndroidManifest.xml:44:9-47:57
	android:screenOrientation
		ADDED from src\main\AndroidManifest.xml:46:13-55
	android:windowSoftInputMode
		ADDED from src\main\AndroidManifest.xml:47:13-54
	android:name
		ADDED from src\main\AndroidManifest.xml:45:13-56
activity#com.mis.controller.MseImportData
ADDED from src\main\AndroidManifest.xml:48:9-51:67
	android:screenOrientation
		ADDED from src\main\AndroidManifest.xml:50:13-55
	android:windowSoftInputMode
		ADDED from src\main\AndroidManifest.xml:51:13-64
	android:name
		ADDED from src\main\AndroidManifest.xml:49:13-60
activity#com.mis.controller.MseOrderList
ADDED from src\main\AndroidManifest.xml:52:9-55:67
	android:screenOrientation
		ADDED from src\main\AndroidManifest.xml:54:13-55
	android:windowSoftInputMode
		ADDED from src\main\AndroidManifest.xml:55:13-64
	android:name
		ADDED from src\main\AndroidManifest.xml:53:13-59
activity#com.mis.controller.MseItemList
ADDED from src\main\AndroidManifest.xml:56:9-59:57
	android:screenOrientation
		ADDED from src\main\AndroidManifest.xml:58:13-55
	android:windowSoftInputMode
		ADDED from src\main\AndroidManifest.xml:59:13-54
	android:name
		ADDED from src\main\AndroidManifest.xml:57:13-58
activity#com.mis.controller.MseExportResult
ADDED from src\main\AndroidManifest.xml:61:9-64:57
	android:screenOrientation
		ADDED from src\main\AndroidManifest.xml:63:13-55
	android:windowSoftInputMode
		ADDED from src\main\AndroidManifest.xml:64:13-54
	android:name
		ADDED from src\main\AndroidManifest.xml:62:13-62
activity#com.mis.controller.Int_Cost
ADDED from src\main\AndroidManifest.xml:66:10-69:67
	android:screenOrientation
		ADDED from src\main\AndroidManifest.xml:68:13-55
	android:windowSoftInputMode
		ADDED from src\main\AndroidManifest.xml:69:13-64
	android:name
		ADDED from src\main\AndroidManifest.xml:67:13-55
activity#com.mis.controller.IntExport
ADDED from src\main\AndroidManifest.xml:70:9-73:57
	android:screenOrientation
		ADDED from src\main\AndroidManifest.xml:72:13-55
	android:windowSoftInputMode
		ADDED from src\main\AndroidManifest.xml:73:13-54
	android:name
		ADDED from src\main\AndroidManifest.xml:71:13-56
activity#com.mis.controller.IntImportData
ADDED from src\main\AndroidManifest.xml:74:9-77:67
	android:screenOrientation
		ADDED from src\main\AndroidManifest.xml:76:13-55
	android:windowSoftInputMode
		ADDED from src\main\AndroidManifest.xml:77:13-64
	android:name
		ADDED from src\main\AndroidManifest.xml:75:13-60
activity#com.mis.controller.IntOrderList
ADDED from src\main\AndroidManifest.xml:78:9-81:67
	android:screenOrientation
		ADDED from src\main\AndroidManifest.xml:80:13-55
	android:windowSoftInputMode
		ADDED from src\main\AndroidManifest.xml:81:13-64
	android:name
		ADDED from src\main\AndroidManifest.xml:79:13-59
activity#com.mis.controller.IntItemList
ADDED from src\main\AndroidManifest.xml:82:9-85:57
	android:screenOrientation
		ADDED from src\main\AndroidManifest.xml:84:13-55
	android:windowSoftInputMode
		ADDED from src\main\AndroidManifest.xml:85:13-54
	android:name
		ADDED from src\main\AndroidManifest.xml:83:13-58
activity#com.mis.controller.IntExportResult
ADDED from src\main\AndroidManifest.xml:87:9-90:57
	android:screenOrientation
		ADDED from src\main\AndroidManifest.xml:89:13-55
	android:windowSoftInputMode
		ADDED from src\main\AndroidManifest.xml:90:13-54
	android:name
		ADDED from src\main\AndroidManifest.xml:88:13-62
activity#com.mis.common.Login
ADDED from src\main\AndroidManifest.xml:94:9-97:57
	android:screenOrientation
		ADDED from src\main\AndroidManifest.xml:96:13-55
	android:windowSoftInputMode
		ADDED from src\main\AndroidManifest.xml:97:13-54
	android:name
		ADDED from src\main\AndroidManifest.xml:95:13-48
activity#com.mis.controller.Mpr_Customer
ADDED from src\main\AndroidManifest.xml:102:9-105:67
	android:screenOrientation
		ADDED from src\main\AndroidManifest.xml:104:13-55
	android:windowSoftInputMode
		ADDED from src\main\AndroidManifest.xml:105:13-64
	android:name
		ADDED from src\main\AndroidManifest.xml:103:13-59
activity#com.mis.controller.MprExport
ADDED from src\main\AndroidManifest.xml:106:9-109:57
	android:screenOrientation
		ADDED from src\main\AndroidManifest.xml:108:13-55
	android:windowSoftInputMode
		ADDED from src\main\AndroidManifest.xml:109:13-54
	android:name
		ADDED from src\main\AndroidManifest.xml:107:13-56
activity#com.mis.controller.MprImportData
ADDED from src\main\AndroidManifest.xml:110:9-113:67
	android:screenOrientation
		ADDED from src\main\AndroidManifest.xml:112:13-55
	android:windowSoftInputMode
		ADDED from src\main\AndroidManifest.xml:113:13-64
	android:name
		ADDED from src\main\AndroidManifest.xml:111:13-60
activity#com.mis.controller.MprOrderList
ADDED from src\main\AndroidManifest.xml:114:9-117:67
	android:screenOrientation
		ADDED from src\main\AndroidManifest.xml:116:13-55
	android:windowSoftInputMode
		ADDED from src\main\AndroidManifest.xml:117:13-64
	android:name
		ADDED from src\main\AndroidManifest.xml:115:13-59
activity#com.mis.controller.MprItemList
ADDED from src\main\AndroidManifest.xml:118:9-121:57
	android:screenOrientation
		ADDED from src\main\AndroidManifest.xml:120:13-55
	android:windowSoftInputMode
		ADDED from src\main\AndroidManifest.xml:121:13-54
	android:name
		ADDED from src\main\AndroidManifest.xml:119:13-58
activity#com.mis.controller.MprExportResult
ADDED from src\main\AndroidManifest.xml:123:9-126:57
	android:screenOrientation
		ADDED from src\main\AndroidManifest.xml:125:13-55
	android:windowSoftInputMode
		ADDED from src\main\AndroidManifest.xml:126:13-54
	android:name
		ADDED from src\main\AndroidManifest.xml:124:13-62
activity#com.mis.controller.InventoryCount
ADDED from src\main\AndroidManifest.xml:128:9-131:67
	android:screenOrientation
		ADDED from src\main\AndroidManifest.xml:130:13-55
	android:windowSoftInputMode
		ADDED from src\main\AndroidManifest.xml:131:13-64
	android:name
		ADDED from src\main\AndroidManifest.xml:129:13-61
activity#com.mis.controller.MltExportResult
ADDED from src\main\AndroidManifest.xml:136:9-139:57
	android:screenOrientation
		ADDED from src\main\AndroidManifest.xml:138:13-55
	android:windowSoftInputMode
		ADDED from src\main\AndroidManifest.xml:139:13-54
	android:name
		ADDED from src\main\AndroidManifest.xml:137:13-62
activity#com.mis.controller.MltExport
ADDED from src\main\AndroidManifest.xml:140:9-143:57
	android:screenOrientation
		ADDED from src\main\AndroidManifest.xml:142:13-55
	android:windowSoftInputMode
		ADDED from src\main\AndroidManifest.xml:143:13-54
	android:name
		ADDED from src\main\AndroidManifest.xml:141:13-56
activity#com.mis.controller.MltMain
ADDED from src\main\AndroidManifest.xml:145:9-148:67
	android:screenOrientation
		ADDED from src\main\AndroidManifest.xml:147:13-55
	android:windowSoftInputMode
		ADDED from src\main\AndroidManifest.xml:148:13-64
	android:name
		ADDED from src\main\AndroidManifest.xml:146:13-54
activity#com.mis.controller.MltUpdate
ADDED from src\main\AndroidManifest.xml:151:9-154:57
	android:screenOrientation
		ADDED from src\main\AndroidManifest.xml:153:13-55
	android:windowSoftInputMode
		ADDED from src\main\AndroidManifest.xml:154:13-54
	android:name
		ADDED from src\main\AndroidManifest.xml:152:13-56